<?xml version="1.0" encoding="UTF-8"?>
<testsuite name="com.devmohamed.historical_weather_api.service.OpenMeteoClientServiceTest" tests="1" skipped="0" failures="0" errors="0" timestamp="2025-11-05T06:16:10.631Z" hostname="Yousufs-Mac-mini.local" time="0.414">
  <properties/>
  <testcase name="testGetHourlyTemperature_ApiReturnsError()" classname="com.devmohamed.historical_weather_api.service.OpenMeteoClientServiceTest" time="0.414"/>
  <system-out><![CDATA[22:16:11.038 [Test worker] INFO com.devmohamed.historical_weather_api.provider.OpenMeteoClientService -- Contacting Open-Meteo API for HOURLY data: /forecast?latitude=52.52&longitude=13.41&start_date=2024-01-01&end_date=2024-01-07&hourly=temperature_2m
22:16:11.041 [Test worker] ERROR com.devmohamed.historical_weather_api.provider.OpenMeteoClientService -- Error calling Open-Meteo API for hourly data: 400 Invalid parameters
]]></system-out>
  <system-err><![CDATA[Mockito is currently self-attaching to enable the inline-mock-maker. This will no longer work in future releases of the JDK. Please add Mockito as an agent to your build as described in Mockito's documentation: https://javadoc.io/doc/org.mockito/mockito-core/latest/org.mockito/org/mockito/Mockito.html#0.3
WARNING: A Java agent has been loaded dynamically (/Users/yousuf/.gradle/caches/modules-2/files-2.1/net.bytebuddy/byte-buddy-agent/1.17.8/f09415827a71be7ed621c7bd02550678f28bc81c/byte-buddy-agent-1.17.8.jar)
WARNING: If a serviceability tool is in use, please run with -XX:+EnableDynamicAgentLoading to hide this warning
WARNING: If a serviceability tool is not in use, please run with -Djdk.instrument.traceUsage for more information
WARNING: Dynamic loading of agents will be disallowed by default in a future release
]]></system-err>
</testsuite>
